  Main.cpp
c:\users\anmol\desktop\scripts\cpp\projects\rtt\ray-tracer\ray-tracer\ray-tracer\src\utility\vec3.h(60): warning C4244: 'initializing': conversion from 'double' to 'float', possible loss of data
c:\users\anmol\desktop\scripts\cpp\projects\rtt\ray-tracer\ray-tracer\ray-tracer\src\utility\vec3.h(133): warning C4244: 'initializing': conversion from 'double' to 'float', possible loss of data
c:\users\anmol\desktop\scripts\cpp\projects\rtt\ray-tracer\ray-tracer\ray-tracer\src\texture\perlin.h(40): warning C4244: 'initializing': conversion from 'float' to 'int', possible loss of data
c:\users\anmol\desktop\scripts\cpp\projects\rtt\ray-tracer\ray-tracer\ray-tracer\src\texture\perlin.h(41): warning C4244: 'initializing': conversion from 'float' to 'int', possible loss of data
c:\users\anmol\desktop\scripts\cpp\projects\rtt\ray-tracer\ray-tracer\ray-tracer\src\texture\perlin.h(42): warning C4244: 'initializing': conversion from 'float' to 'int', possible loss of data
c:\users\anmol\desktop\scripts\cpp\projects\rtt\ray-tracer\ray-tracer\ray-tracer\src\texture\perlin.h(76): warning C4244: 'argument': conversion from 'double' to 'float', possible loss of data
c:\users\anmol\desktop\scripts\cpp\projects\rtt\ray-tracer\ray-tracer\ray-tracer\src\texture\texture.h(65): warning C4244: 'initializing': conversion from 'float' to 'int', possible loss of data
c:\users\anmol\desktop\scripts\cpp\projects\rtt\ray-tracer\ray-tracer\ray-tracer\src\texture\texture.h(66): warning C4244: 'initializing': conversion from 'double' to 'int', possible loss of data
c:\users\anmol\desktop\scripts\cpp\projects\rtt\ray-tracer\ray-tracer\ray-tracer\src\texture\texture.h(79): warning C4244: 'initializing': conversion from 'double' to 'float', possible loss of data
c:\users\anmol\desktop\scripts\cpp\projects\rtt\ray-tracer\ray-tracer\ray-tracer\src\texture\texture.h(80): warning C4244: 'initializing': conversion from 'double' to 'float', possible loss of data
c:\users\anmol\desktop\scripts\cpp\projects\rtt\ray-tracer\ray-tracer\ray-tracer\src\texture\texture.h(81): warning C4244: 'initializing': conversion from 'double' to 'float', possible loss of data
c:\users\anmol\desktop\scripts\cpp\projects\rtt\ray-tracer\ray-tracer\ray-tracer\src\texture\material.h(23): warning C4244: 'argument': conversion from 'double' to 'float', possible loss of data
c:\users\anmol\desktop\scripts\cpp\projects\rtt\ray-tracer\ray-tracer\ray-tracer\src\texture\material.h(35): warning C4244: 'initializing': conversion from 'double' to 'float', possible loss of data
c:\users\anmol\desktop\scripts\cpp\projects\rtt\ray-tracer\ray-tracer\ray-tracer\src\texture\material.h(102): warning C4244: '=': conversion from 'double' to 'float', possible loss of data
c:\users\anmol\desktop\scripts\cpp\projects\rtt\ray-tracer\ray-tracer\ray-tracer\src\utility\camera.h(12): warning C4244: 'argument': conversion from 'double' to 'float', possible loss of data
c:\users\anmol\desktop\scripts\cpp\projects\rtt\ray-tracer\ray-tracer\ray-tracer\src\utility\camera.h(25): warning C4244: 'initializing': conversion from 'double' to 'float', possible loss of data
c:\users\anmol\desktop\scripts\cpp\projects\rtt\ray-tracer\ray-tracer\ray-tracer\src\utility\camera.h(42): warning C4244: 'initializing': conversion from 'double' to 'float', possible loss of data
c:\users\anmol\desktop\scripts\cpp\projects\rtt\ray-tracer\ray-tracer\ray-tracer\src\utility\hitablelist.h(21): warning C4244: 'argument': conversion from 'double' to 'float', possible loss of data
c:\users\anmol\desktop\scripts\cpp\projects\rtt\ray-tracer\ray-tracer\ray-tracer\src\texture\volume.h(40): warning C4244: 'argument': conversion from 'double' to 'float', possible loss of data
c:\users\anmol\desktop\scripts\cpp\projects\rtt\ray-tracer\ray-tracer\ray-tracer\src\texture\volume.h(55): warning C4244: 'initializing': conversion from 'double' to 'float', possible loss of data
c:\users\anmol\desktop\scripts\cpp\projects\rtt\ray-tracer\ray-tracer\ray-tracer\src\shape\sphere.h(12): warning C4244: '=': conversion from 'double' to 'float', possible loss of data
c:\users\anmol\desktop\scripts\cpp\projects\rtt\ray-tracer\ray-tracer\ray-tracer\src\shape\sphere.h(13): warning C4244: '=': conversion from 'double' to 'float', possible loss of data
c:\users\anmol\desktop\scripts\cpp\projects\rtt\ray-tracer\ray-tracer\ray-tracer\src\shape\rectangle.h(16): warning C4244: 'argument': conversion from 'double' to 'float', possible loss of data
c:\users\anmol\desktop\scripts\cpp\projects\rtt\ray-tracer\ray-tracer\ray-tracer\src\shape\rectangle.h(56): warning C4244: 'argument': conversion from 'double' to 'float', possible loss of data
c:\users\anmol\desktop\scripts\cpp\projects\rtt\ray-tracer\ray-tracer\ray-tracer\src\shape\rectangle.h(96): warning C4244: 'argument': conversion from 'double' to 'float', possible loss of data
c:\users\anmol\desktop\scripts\cpp\projects\rtt\ray-tracer\ray-tracer\ray-tracer\src\shape\instance.h(64): warning C4244: 'initializing': conversion from 'double' to 'float', possible loss of data
c:\users\anmol\desktop\scripts\cpp\projects\rtt\ray-tracer\ray-tracer\ray-tracer\src\main.cpp(24): warning C4305: 'argument': truncation from 'double' to 'float'
c:\users\anmol\desktop\scripts\cpp\projects\rtt\ray-tracer\ray-tracer\ray-tracer\src\main.cpp(30): warning C4244: 'initializing': conversion from 'double' to 'float', possible loss of data
c:\users\anmol\desktop\scripts\cpp\projects\rtt\ray-tracer\ray-tracer\ray-tracer\src\main.cpp(31): warning C4244: 'argument': conversion from 'double' to 'float', possible loss of data
c:\users\anmol\desktop\scripts\cpp\projects\rtt\ray-tracer\ray-tracer\ray-tracer\src\main.cpp(31): warning C4305: 'argument': truncation from 'double' to 'float'
c:\users\anmol\desktop\scripts\cpp\projects\rtt\ray-tracer\ray-tracer\ray-tracer\src\main.cpp(32): warning C4305: 'argument': truncation from 'double' to 'float'
c:\users\anmol\desktop\scripts\cpp\projects\rtt\ray-tracer\ray-tracer\ray-tracer\src\main.cpp(35): warning C4244: 'argument': conversion from 'double' to 'float', possible loss of data
c:\users\anmol\desktop\scripts\cpp\projects\rtt\ray-tracer\ray-tracer\ray-tracer\src\main.cpp(36): warning C4244: 'argument': conversion from 'double' to 'float', possible loss of data
c:\users\anmol\desktop\scripts\cpp\projects\rtt\ray-tracer\ray-tracer\ray-tracer\src\main.cpp(37): warning C4305: 'argument': truncation from 'double' to 'float'
c:\users\anmol\desktop\scripts\cpp\projects\rtt\ray-tracer\ray-tracer\ray-tracer\src\main.cpp(41): warning C4244: 'argument': conversion from 'double' to 'float', possible loss of data
c:\users\anmol\desktop\scripts\cpp\projects\rtt\ray-tracer\ray-tracer\ray-tracer\src\main.cpp(42): warning C4305: 'argument': truncation from 'double' to 'float'
c:\users\anmol\desktop\scripts\cpp\projects\rtt\ray-tracer\ray-tracer\ray-tracer\src\main.cpp(45): warning C4305: 'argument': truncation from 'double' to 'float'
c:\users\anmol\desktop\scripts\cpp\projects\rtt\ray-tracer\ray-tracer\ray-tracer\src\main.cpp(52): warning C4305: 'argument': truncation from 'double' to 'float'
c:\users\anmol\desktop\scripts\cpp\projects\rtt\ray-tracer\ray-tracer\ray-tracer\src\main.cpp(53): warning C4305: 'argument': truncation from 'double' to 'float'
c:\users\anmol\desktop\scripts\cpp\projects\rtt\ray-tracer\ray-tracer\ray-tracer\src\main.cpp(94): warning C4305: 'argument': truncation from 'double' to 'float'
c:\users\anmol\desktop\scripts\cpp\projects\rtt\ray-tracer\ray-tracer\ray-tracer\src\main.cpp(95): warning C4305: 'argument': truncation from 'double' to 'float'
c:\users\anmol\desktop\scripts\cpp\projects\rtt\ray-tracer\ray-tracer\ray-tracer\src\main.cpp(96): warning C4305: 'argument': truncation from 'double' to 'float'
c:\users\anmol\desktop\scripts\cpp\projects\rtt\ray-tracer\ray-tracer\ray-tracer\src\main.cpp(123): warning C4305: 'argument': truncation from 'double' to 'float'
c:\users\anmol\desktop\scripts\cpp\projects\rtt\ray-tracer\ray-tracer\ray-tracer\src\main.cpp(124): warning C4305: 'argument': truncation from 'double' to 'float'
c:\users\anmol\desktop\scripts\cpp\projects\rtt\ray-tracer\ray-tracer\ray-tracer\src\main.cpp(125): warning C4305: 'argument': truncation from 'double' to 'float'
c:\users\anmol\desktop\scripts\cpp\projects\rtt\ray-tracer\ray-tracer\ray-tracer\src\main.cpp(141): warning C4305: 'argument': truncation from 'double' to 'float'
c:\users\anmol\desktop\scripts\cpp\projects\rtt\ray-tracer\ray-tracer\ray-tracer\src\main.cpp(142): warning C4305: 'argument': truncation from 'double' to 'float'
c:\users\anmol\desktop\scripts\cpp\projects\rtt\ray-tracer\ray-tracer\ray-tracer\src\main.cpp(154): warning C4305: 'argument': truncation from 'double' to 'float'
c:\users\anmol\desktop\scripts\cpp\projects\rtt\ray-tracer\ray-tracer\ray-tracer\src\main.cpp(155): warning C4305: 'argument': truncation from 'double' to 'float'
c:\users\anmol\desktop\scripts\cpp\projects\rtt\ray-tracer\ray-tracer\ray-tracer\src\main.cpp(166): warning C4244: 'initializing': conversion from 'double' to 'float', possible loss of data
c:\users\anmol\desktop\scripts\cpp\projects\rtt\ray-tracer\ray-tracer\ray-tracer\src\main.cpp(179): warning C4305: 'argument': truncation from 'double' to 'float'
c:\users\anmol\desktop\scripts\cpp\projects\rtt\ray-tracer\ray-tracer\ray-tracer\src\main.cpp(181): warning C4305: 'argument': truncation from 'double' to 'float'
c:\users\anmol\desktop\scripts\cpp\projects\rtt\ray-tracer\ray-tracer\ray-tracer\src\main.cpp(185): warning C4305: 'argument': truncation from 'double' to 'float'
c:\users\anmol\desktop\scripts\cpp\projects\rtt\ray-tracer\ray-tracer\ray-tracer\src\main.cpp(187): warning C4305: 'argument': truncation from 'double' to 'float'
c:\users\anmol\desktop\scripts\cpp\projects\rtt\ray-tracer\ray-tracer\ray-tracer\src\main.cpp(194): warning C4305: 'argument': truncation from 'double' to 'float'
c:\users\anmol\desktop\scripts\cpp\projects\rtt\ray-tracer\ray-tracer\ray-tracer\src\main.cpp(199): warning C4244: 'argument': conversion from 'double' to 'float', possible loss of data
c:\users\anmol\desktop\scripts\cpp\projects\rtt\ray-tracer\ray-tracer\ray-tracer\src\main.cpp(211): warning C4305: 'argument': truncation from 'double' to 'float'
c:\users\anmol\desktop\scripts\cpp\projects\rtt\ray-tracer\ray-tracer\ray-tracer\src\utility\vec3.h(25): warning C4172: returning address of local variable or temporary
  Ray-Tracer.vcxproj -> C:\Users\anmol\Desktop\Scripts\Cpp\Projects\RTT\Ray-Tracer\Ray-Tracer\x64\Debug\Ray-Tracer.exe
